#########################
#                       #
#       Version 1.13    #
#                       #
#########################
#
#	*Added Mudskipper Extensions
#	*Extension: Terminal Colors
#	*Extension: Bash-Profile
#	*Added Label and Hostname
#
#########################
#                       #
#       Version 1.12    #
#                       #
#########################
#
#	*Bett User Creation
#	*Added Clone User
#	*Fail-Free question syntax
#
#########################
#			#
#	Version 1.10	#
#			#
#########################
#
#	*Added Version Log
#	*Better CD support
#	*New Games
#	*Added Calendar App
#	*Moved Images App Folder into Multimedia
#	*Swap from 4GB to 2GB
#
#########################
#                       #
#       Version 1.9     #
#                       #
#########################
#
#	*Simpler File Tree
#	*Formated Scripts
#	*Added License
#	*Printer Support (Not Tested)
#	*Added Iphone Support
#
#########################
#			#
#	Version 1.8	#
#			#
#########################
#
#	*changelog created
#	*graphical overhaul
# 	*ntfs and exfat support
#	
#
#
#
#
#
#
# 
#
#
#
#
#
#
#
# 
#
#
#
#
#
#
#
# 
#
#
#
