#
#	#################################
#	#				#
#	#	Planed Changes		#
#	#				#
#	#################################
#
#
#
#
#########################
#High priority  	#
#########################
#
#	*Mopidy
#	*Edit User Folder
#	**Always Check Multi User	
#
#
#########################
#Medium priority	#
#########################
#
#       *Set Default Applications (Webbrowser, Player...)
#	*Grapical Overhaul
#       *Test Printer Support
#       *Dash to Dock
#
#########################
#Low priority	   	#
#########################
#
#	*Standalone AppFolder (Remove from Default_Apps)
#
#
#
#
